<?xml version="1.0" encoding="UTF-8"?>
<!-- Generated by org.testng.reporters.JUnitReportReporter -->
<testsuite hostname="MAVBCP3127" failures="0" tests="2" name="com.wordpress.Pages.RecorderScript" time="37.867" errors="0" timestamp="2021-09-17T12:07:35 IST" skipped="0">
  <testcase classname="com.wordpress.Pages.RecorderScript" name="testParameterWithXML" time="19.737"/>
  <system-out/>
  <testcase classname="com.wordpress.Pages.RecorderScript" name="testParameterWithXML" time="18.130"/>
  <system-out/>
</testsuite> <!-- com.wordpress.Pages.RecorderScript -->
