<?xml version="1.0" encoding="UTF-8"?>
<!-- Generated by org.testng.reporters.JUnitReportReporter -->
<testsuite skipped="0" hostname="MAVBCP3127" name="com.wordpress.Pages.RecorderScript" tests="1" failures="0" timestamp="2021-09-18T07:58:08 IST" time="21.712" errors="0">
  <testcase name="testParameterWithXML" time="21.712" classname="com.wordpress.Pages.RecorderScript"/>
  <system-out/>
</testsuite> <!-- com.wordpress.Pages.RecorderScript -->
