<?xml version="1.0" encoding="UTF-8"?>
<!-- Generated by org.testng.reporters.JUnitReportReporter -->
<testsuite hostname="MAVBCP3127" failures="0" tests="1" name="com.picnic.SampleSelenium" time="12.648" errors="0" timestamp="2021-09-14T14:20:59 IST" skipped="0">
  <testcase classname="com.picnic.SampleSelenium" name="TestMethod2" time="12.648"/>
  <system-out/>
</testsuite> <!-- com.picnic.SampleSelenium -->
