<?xml version="1.0" encoding="UTF-8"?>
<!-- Generated by org.testng.reporters.JUnitReportReporter -->
<testsuite hostname="MAVBCP3127" failures="0" tests="2" name="com.wordpress.Pages.CrossBrowserScript" time="30.046" errors="0" timestamp="2021-09-17T12:10:53 IST" skipped="0">
  <testcase classname="com.wordpress.Pages.CrossBrowserScript" name="testParameterWithXML" time="16.500"/>
  <system-out/>
  <testcase classname="com.wordpress.Pages.CrossBrowserScript" name="testParameterWithXML" time="13.546"/>
  <system-out/>
</testsuite> <!-- com.wordpress.Pages.CrossBrowserScript -->
