<?xml version="1.0" encoding="UTF-8"?>
<!-- Generated by org.testng.reporters.JUnitReportReporter -->
<testsuite hostname="MAVBCP3127" failures="0" tests="1" name="com.wordpress.Pages.verify" time="25.670" errors="0" timestamp="2021-09-15T10:25:39 IST" skipped="0">
  <testcase classname="com.wordpress.Pages.verify" name="verifyValidLogin" time="25.670"/>
  <system-out/>
</testsuite> <!-- com.wordpress.Pages.verify -->
