<?xml version="1.0" encoding="UTF-8"?>
<!-- Generated by org.testng.reporters.JUnitReportReporter -->
<testsuite skipped="0" hostname="MAVBCP3127" name="com.wordpress.Pages.CrossBrowserScript" tests="2" failures="0" timestamp="2021-09-17T12:24:47 IST" time="29.686" errors="0">
  <testcase name="testParameterWithXML" time="16.188" classname="com.wordpress.Pages.CrossBrowserScript"/>
  <system-out/>
  <testcase name="testParameterWithXML" time="13.498" classname="com.wordpress.Pages.CrossBrowserScript"/>
  <system-out/>
</testsuite> <!-- com.wordpress.Pages.CrossBrowserScript -->
